<?xml version="1.0" encoding="UTF-8"?>
<coverage generated="1776087825686" clover="3.2.0">
  <project timestamp="1776087825686" name="All files">
    <metrics statements="59" coveredstatements="42" conditionals="20" coveredconditionals="11" methods="13" coveredmethods="12" elements="92" coveredelements="65" complexity="0" loc="59" ncloc="59" packages="3" files="5" classes="5"/>
    <package name="components">
      <metrics statements="4" coveredstatements="4" conditionals="12" coveredconditionals="8" methods="3" coveredmethods="3"/>
      <file name="GradientBackground.tsx" path="D:\fullstack\ai_interviewer\react\src\components\GradientBackground.tsx">
        <metrics statements="1" coveredstatements="1" conditionals="0" coveredconditionals="0" methods="1" coveredmethods="1"/>
        <line num="4" count="47" type="stmt"/>
      </file>
      <file name="Navbar.tsx" path="D:\fullstack\ai_interviewer\react\src\components\Navbar.tsx">
        <metrics statements="2" coveredstatements="2" conditionals="6" coveredconditionals="5" methods="1" coveredmethods="1"/>
        <line num="5" count="47" type="stmt"/>
        <line num="7" count="47" type="stmt"/>
      </file>
      <file name="SEO.tsx" path="D:\fullstack\ai_interviewer\react\src\components\SEO.tsx">
        <metrics statements="1" coveredstatements="1" conditionals="6" coveredconditionals="3" methods="1" coveredmethods="1"/>
        <line num="12" count="1" type="stmt"/>
      </file>
    </package>
    <package name="context">
      <metrics statements="35" coveredstatements="20" conditionals="6" coveredconditionals="2" methods="6" coveredmethods="5"/>
      <file name="AuthContext.tsx" path="D:\fullstack\ai_interviewer\react\src\context\AuthContext.tsx">
        <metrics statements="35" coveredstatements="20" conditionals="6" coveredconditionals="2" methods="6" coveredmethods="5"/>
        <line num="12" count="1" type="stmt"/>
        <line num="14" count="1" type="stmt"/>
        <line num="15" count="5" type="stmt"/>
        <line num="16" count="5" type="stmt"/>
        <line num="18" count="5" type="stmt"/>
        <line num="19" count="2" type="stmt"/>
        <line num="20" count="2" type="stmt"/>
        <line num="21" count="2" type="cond" truecount="1" falsecount="1"/>
        <line num="22" count="0" type="stmt"/>
        <line num="23" count="0" type="stmt"/>
        <line num="24" count="0" type="stmt"/>
        <line num="26" count="0" type="stmt"/>
        <line num="27" count="0" type="stmt"/>
        <line num="30" count="2" type="stmt"/>
        <line num="32" count="2" type="stmt"/>
        <line num="35" count="5" type="stmt"/>
        <line num="36" count="1" type="stmt"/>
        <line num="37" count="1" type="stmt"/>
        <line num="38" count="1" type="stmt"/>
        <line num="41" count="5" type="stmt"/>
        <line num="42" count="0" type="stmt"/>
        <line num="43" count="0" type="cond" truecount="0" falsecount="2"/>
        <line num="44" count="0" type="stmt"/>
        <line num="45" count="0" type="stmt"/>
        <line num="46" count="0" type="stmt"/>
        <line num="49" count="0" type="stmt"/>
        <line num="50" count="0" type="stmt"/>
        <line num="51" count="0" type="stmt"/>
        <line num="52" count="0" type="stmt"/>
        <line num="55" count="5" type="stmt"/>
        <line num="62" count="1" type="stmt"/>
        <line num="63" count="95" type="stmt"/>
        <line num="64" count="95" type="cond" truecount="1" falsecount="1"/>
        <line num="65" count="0" type="stmt"/>
        <line num="67" count="95" type="stmt"/>
      </file>
    </package>
    <package name="pages">
      <metrics statements="20" coveredstatements="18" conditionals="2" coveredconditionals="1" methods="4" coveredmethods="4"/>
      <file name="Login.tsx" path="D:\fullstack\ai_interviewer\react\src\pages\Login.tsx">
        <metrics statements="20" coveredstatements="18" conditionals="2" coveredconditionals="1" methods="4" coveredmethods="4"/>
        <line num="10" count="48" type="stmt"/>
        <line num="11" count="48" type="stmt"/>
        <line num="12" count="48" type="stmt"/>
        <line num="13" count="48" type="stmt"/>
        <line num="14" count="48" type="stmt"/>
        <line num="16" count="48" type="stmt"/>
        <line num="17" count="1" type="stmt"/>
        <line num="18" count="1" type="stmt"/>
        <line num="19" count="1" type="stmt"/>
        <line num="20" count="1" type="stmt"/>
        <line num="22" count="1" type="stmt"/>
        <line num="24" count="1" type="stmt"/>
        <line num="26" count="1" type="stmt"/>
        <line num="28" count="1" type="stmt"/>
        <line num="30" count="1" type="stmt"/>
        <line num="32" count="0" type="stmt"/>
        <line num="33" count="0" type="stmt"/>
        <line num="37" count="48" type="stmt"/>
        <line num="50" count="26" type="stmt"/>
        <line num="58" count="16" type="stmt"/>
      </file>
    </package>
  </project>
</coverage>
