{"D:\\fullstack\\ai_interviewer\\react\\src\\components\\GradientBackground.tsx": {"path":"D:\\fullstack\\ai_interviewer\\react\\src\\components\\GradientBackground.tsx","statementMap":{"0":{"start":{"line":4,"column":2},"end":{"line":7,"column":null}}},"fnMap":{"0":{"name":"GradientBackground","decl":{"start":{"line":3,"column":24},"end":{"line":3,"column":43}},"loc":{"start":{"line":3,"column":82},"end":{"line":7,"column":null}},"line":3}},"branchMap":{},"s":{"0":47},"f":{"0":47},"b":{},"meta":{"lastBranch":0,"lastFunction":1,"lastStatement":1,"seen":{"f:3:24:3:43":0,"s:4:2:7:Infinity":0}}}
,"D:\\fullstack\\ai_interviewer\\react\\src\\components\\Navbar.tsx": {"path":"D:\\fullstack\\ai_interviewer\\react\\src\\components\\Navbar.tsx","statementMap":{"0":{"start":{"line":5,"column":16},"end":{"line":5,"column":36}},"1":{"start":{"line":7,"column":2},"end":{"line":46,"column":null}}},"fnMap":{"0":{"name":"Navbar","decl":{"start":{"line":4,"column":24},"end":{"line":4,"column":33}},"loc":{"start":{"line":4,"column":33},"end":{"line":46,"column":null}},"line":4}},"branchMap":{"0":{"loc":{"start":{"line":10,"column":18},"end":{"line":10,"column":45}},"type":"cond-expr","locations":[{"start":{"line":10,"column":25},"end":{"line":10,"column":40}},{"start":{"line":10,"column":40},"end":{"line":10,"column":45}}],"line":10},"1":{"loc":{"start":{"line":16,"column":9},"end":{"line":44,"column":null}},"type":"cond-expr","locations":[{"start":{"line":17,"column":12},"end":{"line":34,"column":null}},{"start":{"line":34,"column":12},"end":{"line":44,"column":null}}],"line":16},"2":{"loc":{"start":{"line":22,"column":17},"end":{"line":25,"column":null}},"type":"binary-expr","locations":[{"start":{"line":22,"column":17},"end":{"line":22,"column":null}},{"start":{"line":23,"column":18},"end":{"line":25,"column":null}}],"line":22}},"s":{"0":47,"1":47},"f":{"0":47},"b":{"0":[1,46],"1":[1,46],"2":[1,0]},"meta":{"lastBranch":3,"lastFunction":1,"lastStatement":2,"seen":{"f:4:24:4:33":0,"s:5:16:5:36":0,"s:7:2:46:Infinity":1,"b:10:25:10:40:10:40:10:45":0,"b:17:12:34:Infinity:34:12:44:Infinity":1,"b:22:17:22:Infinity:23:18:25:Infinity":2}}}
,"D:\\fullstack\\ai_interviewer\\react\\src\\components\\SEO.tsx": {"path":"D:\\fullstack\\ai_interviewer\\react\\src\\components\\SEO.tsx","statementMap":{"0":{"start":{"line":12,"column":2},"end":{"line":30,"column":null}}},"fnMap":{"0":{"name":"SEO","decl":{"start":{"line":11,"column":24},"end":{"line":11,"column":28}},"loc":{"start":{"line":11,"column":90},"end":{"line":30,"column":null}},"line":11}},"branchMap":{"0":{"loc":{"start":{"line":17,"column":7},"end":{"line":17,"column":null}},"type":"binary-expr","locations":[{"start":{"line":17,"column":7},"end":{"line":17,"column":18}},{"start":{"line":17,"column":18},"end":{"line":17,"column":null}}],"line":17},"1":{"loc":{"start":{"line":19,"column":7},"end":{"line":19,"column":null}},"type":"binary-expr","locations":[{"start":{"line":19,"column":7},"end":{"line":19,"column":20}},{"start":{"line":19,"column":20},"end":{"line":19,"column":null}}],"line":19},"2":{"loc":{"start":{"line":25,"column":7},"end":{"line":28,"column":null}},"type":"binary-expr","locations":[{"start":{"line":25,"column":7},"end":{"line":25,"column":null}},{"start":{"line":26,"column":8},"end":{"line":28,"column":null}}],"line":25}},"s":{"0":1},"f":{"0":1},"b":{"0":[1,0],"1":[1,0],"2":[1,0]},"meta":{"lastBranch":3,"lastFunction":1,"lastStatement":1,"seen":{"f:11:24:11:28":0,"s:12:2:30:Infinity":0,"b:17:7:17:18:17:18:17:Infinity":0,"b:19:7:19:20:19:20:19:Infinity":1,"b:25:7:25:Infinity:26:8:28:Infinity":2}}}
,"D:\\fullstack\\ai_interviewer\\react\\src\\context\\AuthContext.tsx": {"path":"D:\\fullstack\\ai_interviewer\\react\\src\\context\\AuthContext.tsx","statementMap":{"0":{"start":{"line":12,"column":6},"end":{"line":12,"column":73}},"1":{"start":{"line":14,"column":13},"end":{"line":58,"column":null}},"2":{"start":{"line":15,"column":15},"end":{"line":15,"column":53}},"3":{"start":{"line":16,"column":18},"end":{"line":16,"column":55}},"4":{"start":{"line":18,"column":2},"end":{"line":33,"column":null}},"5":{"start":{"line":19,"column":22},"end":{"line":30,"column":null}},"6":{"start":{"line":20,"column":20},"end":{"line":20,"column":56}},"7":{"start":{"line":21,"column":6},"end":{"line":27,"column":null}},"8":{"start":{"line":22,"column":8},"end":{"line":27,"column":null}},"9":{"start":{"line":23,"column":27},"end":{"line":23,"column":59}},"10":{"start":{"line":24,"column":10},"end":{"line":24,"column":null}},"11":{"start":{"line":26,"column":10},"end":{"line":26,"column":null}},"12":{"start":{"line":27,"column":10},"end":{"line":27,"column":null}},"13":{"start":{"line":30,"column":6},"end":{"line":30,"column":null}},"14":{"start":{"line":32,"column":4},"end":{"line":32,"column":null}},"15":{"start":{"line":35,"column":8},"end":{"line":38,"column":null}},"16":{"start":{"line":36,"column":4},"end":{"line":36,"column":null}},"17":{"start":{"line":37,"column":4},"end":{"line":37,"column":null}},"18":{"start":{"line":38,"column":4},"end":{"line":38,"column":null}},"19":{"start":{"line":41,"column":17},"end":{"line":52,"column":null}},"20":{"start":{"line":42,"column":25},"end":{"line":42,"column":62}},"21":{"start":{"line":43,"column":4},"end":{"line":46,"column":null}},"22":{"start":{"line":44,"column":8},"end":{"line":46,"column":null}},"23":{"start":{"line":45,"column":12},"end":{"line":45,"column":null}},"24":{"start":{"line":46,"column":21},"end":{"line":46,"column":null}},"25":{"start":{"line":49,"column":4},"end":{"line":49,"column":null}},"26":{"start":{"line":50,"column":4},"end":{"line":50,"column":null}},"27":{"start":{"line":51,"column":4},"end":{"line":51,"column":null}},"28":{"start":{"line":52,"column":4},"end":{"line":52,"column":null}},"29":{"start":{"line":55,"column":2},"end":{"line":58,"column":null}},"30":{"start":{"line":62,"column":13},"end":{"line":67,"column":null}},"31":{"start":{"line":63,"column":8},"end":{"line":63,"column":41}},"32":{"start":{"line":64,"column":2},"end":{"line":65,"column":null}},"33":{"start":{"line":65,"column":4},"end":{"line":65,"column":null}},"34":{"start":{"line":67,"column":2},"end":{"line":67,"column":null}}},"fnMap":{"0":{"name":"(anonymous_0)","decl":{"start":{"line":14,"column":13},"end":{"line":14,"column":29}},"loc":{"start":{"line":14,"column":71},"end":{"line":58,"column":null}},"line":14},"1":{"name":"(anonymous_1)","decl":{"start":{"line":18,"column":2},"end":{"line":18,"column":18}},"loc":{"start":{"line":18,"column":18},"end":{"line":33,"column":7}},"line":18},"2":{"name":"(anonymous_2)","decl":{"start":{"line":19,"column":22},"end":{"line":19,"column":34}},"loc":{"start":{"line":19,"column":34},"end":{"line":30,"column":null}},"line":19},"3":{"name":"(anonymous_3)","decl":{"start":{"line":35,"column":8},"end":{"line":35,"column":17}},"loc":{"start":{"line":35,"column":79},"end":{"line":38,"column":null}},"line":35},"4":{"name":"(anonymous_4)","decl":{"start":{"line":41,"column":17},"end":{"line":41,"column":29}},"loc":{"start":{"line":41,"column":29},"end":{"line":52,"column":null}},"line":41},"5":{"name":"(anonymous_5)","decl":{"start":{"line":62,"column":13},"end":{"line":62,"column":46}},"loc":{"start":{"line":62,"column":46},"end":{"line":67,"column":null}},"line":62}},"branchMap":{"0":{"loc":{"start":{"line":21,"column":6},"end":{"line":27,"column":null}},"type":"if","locations":[{"start":{"line":21,"column":6},"end":{"line":27,"column":null}},{"start":{},"end":{}}],"line":21},"1":{"loc":{"start":{"line":43,"column":4},"end":{"line":46,"column":null}},"type":"if","locations":[{"start":{"line":43,"column":4},"end":{"line":46,"column":null}},{"start":{},"end":{}}],"line":43},"2":{"loc":{"start":{"line":64,"column":2},"end":{"line":65,"column":null}},"type":"if","locations":[{"start":{"line":64,"column":2},"end":{"line":65,"column":null}},{"start":{},"end":{}}],"line":64}},"s":{"0":1,"1":1,"2":5,"3":5,"4":5,"5":2,"6":2,"7":2,"8":0,"9":0,"10":0,"11":0,"12":0,"13":2,"14":2,"15":5,"16":1,"17":1,"18":1,"19":5,"20":0,"21":0,"22":0,"23":0,"24":0,"25":0,"26":0,"27":0,"28":0,"29":5,"30":1,"31":95,"32":95,"33":0,"34":95},"f":{"0":5,"1":2,"2":2,"3":1,"4":0,"5":95},"b":{"0":[0,2],"1":[0,0],"2":[0,95]},"meta":{"lastBranch":3,"lastFunction":6,"lastStatement":35,"seen":{"s:12:6:12:73":0,"s:14:13:58:Infinity":1,"f:14:13:14:29":0,"s:15:15:15:53":2,"s:16:18:16:55":3,"s:18:2:33:Infinity":4,"f:18:2:18:18":1,"s:19:22:30:Infinity":5,"f:19:22:19:34":2,"s:20:20:20:56":6,"b:21:6:27:Infinity:undefined:undefined:undefined:undefined":0,"s:21:6:27:Infinity":7,"s:22:8:27:Infinity":8,"s:23:27:23:59":9,"s:24:10:24:Infinity":10,"s:26:10:26:Infinity":11,"s:27:10:27:Infinity":12,"s:30:6:30:Infinity":13,"s:32:4:32:Infinity":14,"s:35:8:38:Infinity":15,"f:35:8:35:17":3,"s:36:4:36:Infinity":16,"s:37:4:37:Infinity":17,"s:38:4:38:Infinity":18,"s:41:17:52:Infinity":19,"f:41:17:41:29":4,"s:42:25:42:62":20,"b:43:4:46:Infinity:undefined:undefined:undefined:undefined":1,"s:43:4:46:Infinity":21,"s:44:8:46:Infinity":22,"s:45:12:45:Infinity":23,"s:46:21:46:Infinity":24,"s:49:4:49:Infinity":25,"s:50:4:50:Infinity":26,"s:51:4:51:Infinity":27,"s:52:4:52:Infinity":28,"s:55:2:58:Infinity":29,"s:62:13:67:Infinity":30,"f:62:13:62:46":5,"s:63:8:63:41":31,"b:64:2:65:Infinity:undefined:undefined:undefined:undefined":2,"s:64:2:65:Infinity":32,"s:65:4:65:Infinity":33,"s:67:2:67:Infinity":34}}}
,"D:\\fullstack\\ai_interviewer\\react\\src\\pages\\Login.tsx": {"path":"D:\\fullstack\\ai_interviewer\\react\\src\\pages\\Login.tsx","statementMap":{"0":{"start":{"line":10,"column":16},"end":{"line":10,"column":40}},"1":{"start":{"line":11,"column":19},"end":{"line":11,"column":46}},"2":{"start":{"line":12,"column":16},"end":{"line":12,"column":40}},"3":{"start":{"line":13,"column":8},"end":{"line":13,"column":32}},"4":{"start":{"line":14,"column":10},"end":{"line":14,"column":29}},"5":{"start":{"line":16,"column":23},"end":{"line":33,"column":null}},"6":{"start":{"line":17,"column":4},"end":{"line":17,"column":null}},"7":{"start":{"line":18,"column":4},"end":{"line":18,"column":null}},"8":{"start":{"line":19,"column":4},"end":{"line":33,"column":null}},"9":{"start":{"line":20,"column":18},"end":{"line":20,"column":82}},"10":{"start":{"line":22,"column":46},"end":{"line":22,"column":null}},"11":{"start":{"line":24,"column":6},"end":{"line":24,"column":null}},"12":{"start":{"line":26,"column":22},"end":{"line":26,"column":54}},"13":{"start":{"line":28,"column":6},"end":{"line":28,"column":null}},"14":{"start":{"line":30,"column":6},"end":{"line":30,"column":null}},"15":{"start":{"line":32,"column":6},"end":{"line":32,"column":null}},"16":{"start":{"line":33,"column":6},"end":{"line":33,"column":null}},"17":{"start":{"line":37,"column":2},"end":{"line":74,"column":null}},"18":{"start":{"line":50,"column":31},"end":{"line":50,"column":55}},"19":{"start":{"line":58,"column":31},"end":{"line":58,"column":58}}},"fnMap":{"0":{"name":"Login","decl":{"start":{"line":9,"column":24},"end":{"line":9,"column":32}},"loc":{"start":{"line":9,"column":32},"end":{"line":74,"column":null}},"line":9},"1":{"name":"(anonymous_1)","decl":{"start":{"line":16,"column":23},"end":{"line":16,"column":30}},"loc":{"start":{"line":16,"column":47},"end":{"line":33,"column":null}},"line":16},"2":{"name":"(anonymous_2)","decl":{"start":{"line":50,"column":14},"end":{"line":50,"column":25}},"loc":{"start":{"line":50,"column":31},"end":{"line":50,"column":55}},"line":50},"3":{"name":"(anonymous_3)","decl":{"start":{"line":58,"column":14},"end":{"line":58,"column":25}},"loc":{"start":{"line":58,"column":31},"end":{"line":58,"column":58}},"line":58}},"branchMap":{"0":{"loc":{"start":{"line":44,"column":13},"end":{"line":44,"column":null}},"type":"binary-expr","locations":[{"start":{"line":44,"column":13},"end":{"line":44,"column":22}},{"start":{"line":44,"column":22},"end":{"line":44,"column":null}}],"line":44}},"s":{"0":48,"1":48,"2":48,"3":48,"4":48,"5":48,"6":1,"7":1,"8":1,"9":1,"10":1,"11":1,"12":1,"13":1,"14":1,"15":0,"16":0,"17":48,"18":26,"19":16},"f":{"0":48,"1":1,"2":26,"3":16},"b":{"0":[48,0]},"meta":{"lastBranch":1,"lastFunction":4,"lastStatement":20,"seen":{"f:9:24:9:32":0,"s:10:16:10:40":0,"s:11:19:11:46":1,"s:12:16:12:40":2,"s:13:8:13:32":3,"s:14:10:14:29":4,"s:16:23:33:Infinity":5,"f:16:23:16:30":1,"s:17:4:17:Infinity":6,"s:18:4:18:Infinity":7,"s:19:4:33:Infinity":8,"s:20:18:20:82":9,"s:22:46:22:Infinity":10,"s:24:6:24:Infinity":11,"s:26:22:26:54":12,"s:28:6:28:Infinity":13,"s:30:6:30:Infinity":14,"s:32:6:32:Infinity":15,"s:33:6:33:Infinity":16,"s:37:2:74:Infinity":17,"b:44:13:44:22:44:22:44:Infinity":0,"f:50:14:50:25":2,"s:50:31:50:55":18,"f:58:14:58:25":3,"s:58:31:58:58":19}}}
}
